<?xml version="1.0" encoding="UTF-8"?>
<coverage generated="1564698647145" clover="3.2.0">
  <project timestamp="1564698647145" name="All files">
    <metrics statements="13" coveredstatements="11" conditionals="10" coveredconditionals="8" methods="11" coveredmethods="8" elements="34" coveredelements="27" complexity="0" loc="13" ncloc="13" packages="1" files="1" classes="1"/>
    <file name="lib.js" path="C:\Users\ILim\Documents\talentpath\hangman-jest\lib.js">
      <metrics statements="13" coveredstatements="11" conditionals="10" coveredconditionals="8" methods="11" coveredmethods="8"/>
      <line num="1" count="1" type="stmt"/>
      <line num="9" count="5" type="stmt"/>
      <line num="18" count="4" type="stmt"/>
      <line num="27" count="6" type="cond" truecount="2" falsecount="0"/>
      <line num="28" count="3" type="stmt"/>
      <line num="39" count="0" type="cond" truecount="0" falsecount="2"/>
      <line num="48" count="7" type="stmt"/>
      <line num="58" count="0" type="stmt"/>
      <line num="66" count="7" type="cond" truecount="4" falsecount="0"/>
      <line num="67" count="2" type="stmt"/>
      <line num="75" count="1" type="stmt"/>
      <line num="83" count="2" type="stmt"/>
      <line num="86" count="1" type="stmt"/>
    </file>
  </project>
</coverage>
