{"C:\\Users\\ILim\\Documents\\talentpath\\hangman-jest\\lib.js": {"path":"C:\\Users\\ILim\\Documents\\talentpath\\hangman-jest\\lib.js","statementMap":{"0":{"start":{"line":1,"column":21},"end":{"line":1,"column":45}},"1":{"start":{"line":9,"column":2},"end":{"line":9,"column":51}},"2":{"start":{"line":9,"column":35},"end":{"line":9,"column":49}},"3":{"start":{"line":18,"column":2},"end":{"line":18,"column":57}},"4":{"start":{"line":27,"column":2},"end":{"line":27,"column":44}},"5":{"start":{"line":27,"column":34},"end":{"line":27,"column":44}},"6":{"start":{"line":28,"column":2},"end":{"line":28,"column":37}},"7":{"start":{"line":39,"column":2},"end":{"line":39,"column":94}},"8":{"start":{"line":39,"column":38},"end":{"line":39,"column":92}},"9":{"start":{"line":48,"column":2},"end":{"line":48,"column":28}},"10":{"start":{"line":58,"column":2},"end":{"line":58,"column":31}},"11":{"start":{"line":66,"column":2},"end":{"line":66,"column":98}},"12":{"start":{"line":66,"column":69},"end":{"line":66,"column":98}},"13":{"start":{"line":67,"column":2},"end":{"line":67,"column":18}},"14":{"start":{"line":75,"column":2},"end":{"line":75,"column":51}},"15":{"start":{"line":83,"column":2},"end":{"line":83,"column":22}},"16":{"start":{"line":86,"column":0},"end":{"line":96,"column":2}}},"fnMap":{"0":{"name":"isWordSolved","decl":{"start":{"line":8,"column":9},"end":{"line":8,"column":21}},"loc":{"start":{"line":8,"column":33},"end":{"line":10,"column":1}},"line":8},"1":{"name":"(anonymous_1)","decl":{"start":{"line":9,"column":25},"end":{"line":9,"column":26}},"loc":{"start":{"line":9,"column":35},"end":{"line":9,"column":49}},"line":9},"2":{"name":"randomlySelectWord","decl":{"start":{"line":17,"column":9},"end":{"line":17,"column":27}},"loc":{"start":{"line":17,"column":35},"end":{"line":19,"column":1}},"line":17},"3":{"name":"createBlankWordArray","decl":{"start":{"line":26,"column":9},"end":{"line":26,"column":29}},"loc":{"start":{"line":26,"column":42},"end":{"line":29,"column":1}},"line":26},"4":{"name":"fillInGuessedLetters","decl":{"start":{"line":38,"column":9},"end":{"line":38,"column":29}},"loc":{"start":{"line":38,"column":70},"end":{"line":40,"column":1}},"line":38},"5":{"name":"(anonymous_5)","decl":{"start":{"line":39,"column":25},"end":{"line":39,"column":26}},"loc":{"start":{"line":39,"column":38},"end":{"line":39,"column":92}},"line":39},"6":{"name":"stringify","decl":{"start":{"line":47,"column":9},"end":{"line":47,"column":18}},"loc":{"start":{"line":47,"column":35},"end":{"line":49,"column":1}},"line":47},"7":{"name":"wordIncludesLetter","decl":{"start":{"line":57,"column":9},"end":{"line":57,"column":27}},"loc":{"start":{"line":57,"column":42},"end":{"line":59,"column":1}},"line":57},"8":{"name":"validateInput","decl":{"start":{"line":65,"column":9},"end":{"line":65,"column":22}},"loc":{"start":{"line":65,"column":30},"end":{"line":68,"column":1}},"line":65},"9":{"name":"askForALetter","decl":{"start":{"line":74,"column":9},"end":{"line":74,"column":22}},"loc":{"start":{"line":74,"column":25},"end":{"line":76,"column":1}},"line":74},"10":{"name":"print","decl":{"start":{"line":82,"column":9},"end":{"line":82,"column":14}},"loc":{"start":{"line":82,"column":23},"end":{"line":84,"column":1}},"line":82}},"branchMap":{"0":{"loc":{"start":{"line":26,"column":30},"end":{"line":26,"column":40}},"type":"default-arg","locations":[{"start":{"line":26,"column":39},"end":{"line":26,"column":40}}],"line":26},"1":{"loc":{"start":{"line":27,"column":2},"end":{"line":27,"column":44}},"type":"if","locations":[{"start":{"line":27,"column":2},"end":{"line":27,"column":44}},{"start":{"line":27,"column":2},"end":{"line":27,"column":44}}],"line":27},"2":{"loc":{"start":{"line":39,"column":38},"end":{"line":39,"column":92}},"type":"cond-expr","locations":[{"start":{"line":39,"column":72},"end":{"line":39,"column":85}},{"start":{"line":39,"column":88},"end":{"line":39,"column":92}}],"line":39},"3":{"loc":{"start":{"line":47,"column":19},"end":{"line":47,"column":33}},"type":"default-arg","locations":[{"start":{"line":47,"column":31},"end":{"line":47,"column":33}}],"line":47},"4":{"loc":{"start":{"line":66,"column":2},"end":{"line":66,"column":98}},"type":"if","locations":[{"start":{"line":66,"column":2},"end":{"line":66,"column":98}},{"start":{"line":66,"column":2},"end":{"line":66,"column":98}}],"line":66},"5":{"loc":{"start":{"line":66,"column":6},"end":{"line":66,"column":67}},"type":"binary-expr","locations":[{"start":{"line":66,"column":6},"end":{"line":66,"column":31}},{"start":{"line":66,"column":35},"end":{"line":66,"column":67}}],"line":66}},"s":{"0":1,"1":3,"2":5,"3":4,"4":6,"5":3,"6":3,"7":0,"8":0,"9":7,"10":0,"11":7,"12":5,"13":2,"14":1,"15":2,"16":1},"f":{"0":3,"1":5,"2":4,"3":6,"4":0,"5":0,"6":7,"7":0,"8":7,"9":1,"10":2},"b":{"0":[1],"1":[3,3],"2":[0,0],"3":[1],"4":[5,2],"5":[7,5]},"_coverageSchema":"43e27e138ebf9cfc5966b082cf9a028302ed4184","hash":"bac9a83dc5da90f29c7c932806ca284cee632d2f"}
}
