TN:
SF:C:\Users\ILim\Documents\talentpath\hangman-jest\lib.js
FN:8,isWordSolved
FN:9,(anonymous_1)
FN:17,randomlySelectWord
FN:26,createBlankWordArray
FN:38,fillInGuessedLetters
FN:39,(anonymous_5)
FN:47,stringify
FN:57,wordIncludesLetter
FN:65,validateInput
FN:74,askForALetter
FN:82,print
FNF:11
FNH:8
FNDA:3,isWordSolved
FNDA:5,(anonymous_1)
FNDA:4,randomlySelectWord
FNDA:6,createBlankWordArray
FNDA:0,fillInGuessedLetters
FNDA:0,(anonymous_5)
FNDA:7,stringify
FNDA:0,wordIncludesLetter
FNDA:7,validateInput
FNDA:1,askForALetter
FNDA:2,print
DA:1,1
DA:9,5
DA:18,4
DA:27,6
DA:28,3
DA:39,0
DA:48,7
DA:58,0
DA:66,7
DA:67,2
DA:75,1
DA:83,2
DA:86,1
LF:13
LH:11
BRDA:26,0,0,1
BRDA:27,1,0,3
BRDA:27,1,1,3
BRDA:39,2,0,0
BRDA:39,2,1,0
BRDA:47,3,0,1
BRDA:66,4,0,5
BRDA:66,4,1,2
BRDA:66,5,0,7
BRDA:66,5,1,5
BRF:10
BRH:8
end_of_record
